<?xml version="1.0" encoding="UTF-8"?>
<!-- Generated by org.testng.reporters.JUnitReportReporter -->
<testsuite hostname="DESKTOP-M454ERF" failures="0" tests="1" name="Doctor_Module.TS_08_ChangePassword" time="1.725" errors="0" timestamp="2023-05-26T17:17:56 GFT" skipped="0">
  <testcase classname="Doctor_Module.TS_08_ChangePassword" name="changepassword" time="1.725"/>
  <system-out/>
</testsuite> <!-- Doctor_Module.TS_08_ChangePassword -->
