<?xml version="1.0" encoding="UTF-8"?>
<!-- Generated by org.testng.reporters.JUnitReportReporter -->
<testsuite hostname="DESKTOP-M454ERF" failures="0" tests="4" name="Practice.DataProvider2" time="0.022" errors="0" timestamp="2023-05-23T22:07:54 GMT-07:00" skipped="0">
  <testcase classname="Practice.DataProvider2" name="capitals" time="0.003"/>
  <system-out/>
  <testcase classname="Practice.DataProvider2" name="capitals" time="0.012"/>
  <system-out/>
  <testcase classname="Practice.DataProvider2" name="capitals" time="0.005"/>
  <system-out/>
  <testcase classname="Practice.DataProvider2" name="capitals" time="0.002"/>
  <system-out/>
</testsuite> <!-- Practice.DataProvider2 -->
