<?xml version="1.0" encoding="UTF-8"?>
<!-- Generated by org.testng.reporters.JUnitReportReporter -->
<testsuite hostname="DESKTOP-M454ERF" failures="0" tests="1" name="com.HMS.testyantra.genricutility.Baseclass" time="1.656" errors="0" timestamp="2023-05-25T11:18:22 GMT-07:00" skipped="0">
  <testcase classname="com.HMS.testyantra.genricutility.Baseclass" name="test" time="1.656"/>
  <system-out/>
</testsuite> <!-- com.HMS.testyantra.genricutility.Baseclass -->
