<?xml version="1.0" encoding="UTF-8"?>
<!-- Generated by org.testng.reporters.JUnitReportReporter -->
<testsuite hostname="DESKTOP-M454ERF" failures="0" tests="4" name="Practice.DataProvider3" time="0.029" errors="0" timestamp="2023-05-23T22:27:19 GMT-07:00" skipped="0">
  <testcase classname="Practice.DataProvider3" name="Hombale" time="0.008"/>
  <system-out/>
  <testcase classname="Practice.DataProvider3" name="Hombale" time="0.011"/>
  <system-out/>
  <testcase classname="Practice.DataProvider3" name="Hombale" time="0.006"/>
  <system-out/>
  <testcase classname="Practice.DataProvider3" name="Hombale" time="0.004"/>
  <system-out/>
</testsuite> <!-- Practice.DataProvider3 -->
