<?xml version="1.0" encoding="UTF-8"?>
<!-- Generated by org.testng.reporters.JUnitReportReporter -->
<testsuite hostname="DESKTOP-M454ERF" failures="0" tests="3" name="Practice.AnnotationsAndArguments" time="0.023" errors="0" timestamp="2023-05-23T17:05:18 GMT-07:00" skipped="1">
  <testcase classname="Practice.AnnotationsAndArguments" name="update" time="0.019"/>
  <system-out/>
  <testcase classname="Practice.AnnotationsAndArguments" name="create" time="0.004"/>
  <system-out/>
  <testcase classname="Practice.AnnotationsAndArguments" name="delete">
    <skipped/>
  </testcase> <!-- delete -->
  <system-out/>
</testsuite> <!-- Practice.AnnotationsAndArguments -->
