<?xml version="1.0" encoding="UTF-8"?>
<!-- Generated by org.testng.reporters.JUnitReportReporter -->
<testsuite hostname="DESKTOP-M454ERF" failures="0" tests="3" name="Practice.DataProvider1" time="0.032" errors="0" timestamp="2023-05-23T21:49:17 GMT-07:00" skipped="0">
  <testcase classname="Practice.DataProvider1" name="friends" time="0.011"/>
  <system-out/>
  <testcase classname="Practice.DataProvider1" name="friends" time="0.011"/>
  <system-out/>
  <testcase classname="Practice.DataProvider1" name="friends" time="0.010"/>
  <system-out/>
</testsuite> <!-- Practice.DataProvider1 -->
