<?xml version="1.0" encoding="UTF-8"?>
<!-- Generated by org.testng.reporters.JUnitReportReporter -->
<testsuite hostname="DESKTOP-M454ERF" failures="0" tests="4" name="Practice.DataProvider6" time="0.020" errors="0" timestamp="2023-05-23T22:37:17 GMT-07:00" skipped="0">
  <testcase classname="Practice.DataProvider6" name="Hombale" time="0.003"/>
  <system-out/>
  <testcase classname="Practice.DataProvider6" name="Hombale" time="0.011"/>
  <system-out/>
  <testcase classname="Practice.DataProvider6" name="Hombale" time="0.003"/>
  <system-out/>
  <testcase classname="Practice.DataProvider6" name="Hombale" time="0.003"/>
  <system-out/>
</testsuite> <!-- Practice.DataProvider6 -->
