<?xml version="1.0" encoding="UTF-8"?>
<!-- Generated by org.testng.reporters.JUnitReportReporter -->
<testsuite hostname="DESKTOP-M454ERF" failures="0" tests="2" name="Practice.DataProvider" time="0.023" errors="0" timestamp="2023-05-23T17:58:53 GMT-07:00" skipped="0">
  <testcase classname="Practice.DataProvider" name="gatdata" time="0.010"/>
  <system-out/>
  <testcase classname="Practice.DataProvider" name="gatdata" time="0.013"/>
  <system-out/>
</testsuite> <!-- Practice.DataProvider -->
