<?xml version="1.0" encoding="UTF-8"?>
<!-- Generated by org.testng.reporters.JUnitReportReporter -->
<testsuite hostname="DESKTOP-M454ERF" failures="0" tests="3" name="Practice.DataProviderExcel" time="0.025" errors="0" timestamp="2023-05-24T11:27:19 GMT-07:00" skipped="0">
  <testcase classname="Practice.DataProviderExcel" name="travel" time="0.008"/>
  <system-out/>
  <testcase classname="Practice.DataProviderExcel" name="travel" time="0.007"/>
  <system-out/>
  <testcase classname="Practice.DataProviderExcel" name="travel" time="0.010"/>
  <system-out/>
</testsuite> <!-- Practice.DataProviderExcel -->
