<?xml version="1.0" encoding="UTF-8"?>
<!-- Generated by org.testng.reporters.JUnitReportReporter -->
<testsuite hostname="DESKTOP-M454ERF" failures="0" tests="1" name="Practice.Annotations" time="0.017" errors="0" timestamp="2023-05-25T10:19:25 GMT-07:00" skipped="0">
  <testcase classname="Practice.Annotations" name="test" time="0.017"/>
  <system-out/>
</testsuite> <!-- Practice.Annotations -->
