<?xml version="1.0" encoding="UTF-8"?>
<!-- Generated by org.testng.reporters.JUnitReportReporter -->
<testsuite hostname="DESKTOP-M454ERF" failures="0" tests="4" name="Practice.DataProvider5" time="0.025" errors="0" timestamp="2023-05-23T22:35:27 GMT-07:00" skipped="0">
  <testcase classname="Practice.DataProvider5" name="capitals" time="0.004"/>
  <system-out/>
  <testcase classname="Practice.DataProvider5" name="capitals" time="0.015"/>
  <system-out/>
  <testcase classname="Practice.DataProvider5" name="capitals" time="0.003"/>
  <system-out/>
  <testcase classname="Practice.DataProvider5" name="capitals" time="0.003"/>
  <system-out/>
</testsuite> <!-- Practice.DataProvider5 -->
