<?xml version="1.0" encoding="UTF-8"?>
<!-- Generated by org.testng.reporters.JUnitReportReporter -->
<testsuite hostname="DESKTOP-M454ERF" failures="0" tests="3" name="Practice.DataProviderExcelgenric" time="0.018" errors="0" timestamp="2023-05-24T12:46:26 GMT-07:00" skipped="0">
  <testcase classname="Practice.DataProviderExcelgenric" name="travel" time="0.011"/>
  <system-out/>
  <testcase classname="Practice.DataProviderExcelgenric" name="travel" time="0.006"/>
  <system-out/>
  <testcase classname="Practice.DataProviderExcelgenric" name="travel" time="0.001"/>
  <system-out/>
</testsuite> <!-- Practice.DataProviderExcelgenric -->
