<?xml version="1.0" encoding="UTF-8"?>
<!-- Generated by org.testng.reporters.JUnitReportReporter -->
<testsuite hostname="DESKTOP-M454ERF" failures="0" tests="3" name="Practice.DataProvider4" time="0.043" errors="0" timestamp="2023-05-23T22:30:57 GMT-07:00" skipped="0">
  <testcase classname="Practice.DataProvider4" name="friends" time="0.016"/>
  <system-out/>
  <testcase classname="Practice.DataProvider4" name="friends" time="0.014"/>
  <system-out/>
  <testcase classname="Practice.DataProvider4" name="friends" time="0.013"/>
  <system-out/>
</testsuite> <!-- Practice.DataProvider4 -->
